<?xml version="1.0" encoding="UTF-8"?>
<!-- Generated by org.testng.reporters.JUnitReportReporter -->
<testsuite hostname="DESKTOP-7IBSP58" failures="0" tests="1" name="com.banking.testcases.TC_LoginTest_001" time="18.292" errors="0" timestamp="2022-07-04T17:17:08 IST" skipped="0">
  <testcase classname="com.banking.testcases.TC_LoginTest_001" name="Logintest" time="18.292"/>
  <system-out/>
</testsuite> <!-- com.banking.testcases.TC_LoginTest_001 -->
