<?xml version="1.0" encoding="UTF-8"?>
<!-- Generated by org.testng.reporters.JUnitReportReporter -->
<testsuite hostname="DESKTOP-7IBSP58" failures="0" tests="3" name="com.banking.testcases.TC_LoginDDT_002" time="32.196" errors="0" timestamp="2022-07-04T17:17:08 IST" skipped="0">
  <testcase classname="com.banking.testcases.TC_LoginDDT_002" name="login" time="11.244"/>
  <system-out/>
  <testcase classname="com.banking.testcases.TC_LoginDDT_002" name="login" time="10.267"/>
  <system-out/>
  <testcase classname="com.banking.testcases.TC_LoginDDT_002" name="login" time="10.685"/>
  <system-out/>
</testsuite> <!-- com.banking.testcases.TC_LoginDDT_002 -->
